# JRE version: Java(TM) SE Runtime Environment (17.0.12+8) (build 17.0.12+8-LTS-286)
# Java VM: Java HotSpot(TM) 64-Bit Server VM (17.0.12+8-LTS-286, mixed mode, sharing, tiered, compressed oops, compressed class ptrs, g1 gc, windows-amd64)
GC Precious Log:
 CPUs: 4 total, 4 available
 Memory: 7971M
 Large Page Support: Disabled
 NUMA Support: Disabled
 Compressed Oops: Enabled (Zero based)
 Heap Region Size: 2M
 Heap Min Capacity: 8M
 Heap Initial Capacity: 126M
 Heap Max Capacity: 4G
 Pre-touch: Disabled
 Parallel Workers: 4
 Concurrent Workers: 1
 Concurrent Refinement Workers: 4
 Periodic GC: Disabled
Heap:
 garbage-first heap   total 786432K, used 456326K [0x0000000700000000, 0x0000000800000000)
  region size 2048K, 111 young (227328K), 0 survivors (0K)
 Metaspace       used 257817K, committed 260928K, reserved 688128K
  class space    used 30984K, committed 32512K, reserved 425984K
GC Heap History (20 events):
Event: 37769.038 GC heap before
{Heap before GC invocations=373 (full 4):
 garbage-first heap   total 1427456K, used 921122K [0x0000000700000000, 0x0000000800000000)
  region size 2048K, 252 young (516096K), 5 survivors (10240K)
 Metaspace       used 257331K, committed 260352K, reserved 688128K
  class space    used 30956K, committed 32448K, reserved 425984K
}
Event: 37769.066 GC heap after
{Heap after GC invocations=374 (full 4):
 garbage-first heap   total 2478080K, used 427748K [0x0000000700000000, 0x0000000800000000)
  region size 2048K, 10 young (20480K), 10 survivors (20480K)
 Metaspace       used 257331K, committed 260352K, reserved 688128K
  class space    used 30956K, committed 32448K, reserved 425984K
}
Event: 37772.583 GC heap before
{Heap before GC invocations=375 (full 4):
 garbage-first heap   total 1898496K, used 1310436K [0x0000000700000000, 0x0000000800000000)
  region size 2048K, 417 young (854016K), 10 survivors (20480K)
 Metaspace       used 257435K, committed 260480K, reserved 688128K
  class space    used 30963K, committed 32448K, reserved 425984K
}
Event: 37772.775 GC heap after
{Heap after GC invocations=376 (full 4):
 garbage-first heap   total 1898496K, used 531587K [0x0000000700000000, 0x0000000800000000)
  region size 2048K, 53 young (108544K), 53 survivors (108544K)
 Metaspace       used 257435K, committed 260480K, reserved 688128K
  class space    used 30963K, committed 32448K, reserved 425984K
}
Event: 37772.784 GC heap before
{Heap before GC invocations=376 (full 4):
 garbage-first heap   total 1898496K, used 533635K [0x0000000700000000, 0x0000000800000000)
  region size 2048K, 54 young (110592K), 53 survivors (108544K)
 Metaspace       used 257435K, committed 260480K, reserved 688128K
  class space    used 30963K, committed 32448K, reserved 425984K
}
Event: 37773.026 GC heap after
{Heap after GC invocations=377 (full 4):
 garbage-first heap   total 1898496K, used 520803K [0x0000000700000000, 0x0000000800000000)
  region size 2048K, 2 young (4096K), 2 survivors (4096K)
 Metaspace       used 257435K, committed 260480K, reserved 688128K
  class space    used 30963K, committed 32448K, reserved 425984K
}
Event: 37773.056 GC heap before
{Heap before GC invocations=377 (full 4):
 garbage-first heap   total 1898496K, used 528995K [0x0000000700000000, 0x0000000800000000)
  region size 2048K, 7 young (14336K), 2 survivors (4096K)
 Metaspace       used 257435K, committed 260480K, reserved 688128K
  class space    used 30963K, committed 32448K, reserved 425984K
}
Event: 37773.061 GC heap after
{Heap after GC invocations=378 (full 4):
 garbage-first heap   total 1898496K, used 522339K [0x0000000700000000, 0x0000000800000000)
  region size 2048K, 3 young (6144K), 3 survivors (6144K)
 Metaspace       used 257435K, committed 260480K, reserved 688128K
  class space    used 30963K, committed 32448K, reserved 425984K
}
Event: 37776.293 GC heap before
{Heap before GC invocations=379 (full 4):
 garbage-first heap   total 1898496K, used 1262420K [0x0000000700000000, 0x0000000800000000)
  region size 2048K, 356 young (729088K), 3 survivors (6144K)
 Metaspace       used 257159K, committed 260288K, reserved 688128K
  class space    used 30944K, committed 32448K, reserved 425984K
}
Event: 37776.327 GC heap after
{Heap after GC invocations=380 (full 4):
 garbage-first heap   total 1898496K, used 536713K [0x0000000700000000, 0x0000000800000000)
  region size 2048K, 8 young (16384K), 8 survivors (16384K)
 Metaspace       used 257159K, committed 260288K, reserved 688128K
  class space    used 30944K, committed 32448K, reserved 425984K
}
Event: 37785.758 GC heap before
{Heap before GC invocations=380 (full 4):
 garbage-first heap   total 1898496K, used 632969K [0x0000000700000000, 0x0000000800000000)
  region size 2048K, 46 young (94208K), 8 survivors (16384K)
 Metaspace       used 257340K, committed 260352K, reserved 688128K
  class space    used 30954K, committed 32448K, reserved 425984K
}
Event: 37785.783 GC heap after
{Heap after GC invocations=381 (full 4):
 garbage-first heap   total 1898496K, used 501965K [0x0000000700000000, 0x0000000800000000)
  region size 2048K, 1 young (2048K), 1 survivors (2048K)
 Metaspace       used 257340K, committed 260352K, reserved 688128K
  class space    used 30954K, committed 32448K, reserved 425984K
}
Event: 37785.979 GC heap before
{Heap before GC invocations=381 (full 4):
 garbage-first heap   total 1898496K, used 512205K [0x0000000700000000, 0x0000000800000000)
  region size 2048K, 7 young (14336K), 1 survivors (2048K)
 Metaspace       used 257344K, committed 260352K, reserved 688128K
  class space    used 30954K, committed 32448K, reserved 425984K
}
Event: 37785.984 GC heap after
{Heap after GC invocations=382 (full 4):
 garbage-first heap   total 1898496K, used 502333K [0x0000000700000000, 0x0000000800000000)
  region size 2048K, 1 young (2048K), 1 survivors (2048K)
 Metaspace       used 257344K, committed 260352K, reserved 688128K
  class space    used 30954K, committed 32448K, reserved 425984K
}
Event: 37922.528 GC heap before
{Heap before GC invocations=383 (full 4):
 garbage-first heap   total 1474560K, used 1416828K [0x0000000700000000, 0x0000000800000000)
  region size 2048K, 347 young (710656K), 1 survivors (2048K)
 Metaspace       used 257700K, committed 260672K, reserved 688128K
  class space    used 30969K, committed 32448K, reserved 425984K
}
Event: 37923.060 GC heap after
{Heap after GC invocations=384 (full 4):
 garbage-first heap   total 1503232K, used 500339K [0x0000000700000000, 0x0000000800000000)
  region size 2048K, 39 young (79872K), 39 survivors (79872K)
 Metaspace       used 257700K, committed 260672K, reserved 688128K
  class space    used 30969K, committed 32448K, reserved 425984K
}
Event: 37923.218 GC heap before
{Heap before GC invocations=384 (full 4):
 garbage-first heap   total 1503232K, used 502387K [0x0000000700000000, 0x0000000800000000)
  region size 2048K, 40 young (81920K), 39 survivors (79872K)
 Metaspace       used 257700K, committed 260672K, reserved 688128K
  class space    used 30969K, committed 32448K, reserved 425984K
}
Event: 37923.581 GC heap after
{Heap after GC invocations=385 (full 4):
 garbage-first heap   total 1503232K, used 470297K [0x0000000700000000, 0x0000000800000000)
  region size 2048K, 2 young (4096K), 2 survivors (4096K)
 Metaspace       used 257700K, committed 260672K, reserved 688128K
  class space    used 30969K, committed 32448K, reserved 425984K
}
Event: 41387.055 GC heap before
{Heap before GC invocations=385 (full 4):
 garbage-first heap   total 1503232K, used 855321K [0x0000000700000000, 0x0000000800000000)
  region size 2048K, 192 young (393216K), 2 survivors (4096K)
 Metaspace       used 257772K, committed 260928K, reserved 688128K
  class space    used 30982K, committed 32512K, reserved 425984K
}
Event: 41390.492 GC heap after
{Heap after GC invocations=386 (full 5):
 garbage-first heap   total 786432K, used 233094K [0x0000000700000000, 0x0000000800000000)
  region size 2048K, 0 young (0K), 0 survivors (0K)
 Metaspace       used 257772K, committed 260928K, reserved 688128K
  class space    used 30982K, committed 32512K, reserved 425984K
}

